<?xml version="1.0" encoding="UTF-8"?>
<testng-results ignored="0" total="1" passed="1" failed="0" skipped="0">
  <reporter-output>
  </reporter-output>
  <suite started-at="2024-02-28T20:46:34 GMT" name="Default suite" finished-at="2024-02-28T20:46:39 GMT" duration-ms="4999">
    <groups>
    </groups>
    <test started-at="2024-02-28T20:46:34 GMT" name="Default test" finished-at="2024-02-28T20:46:39 GMT" duration-ms="4999">
      <class name="OAuth">
        <test-method signature="auth()[pri:0, instance:OAuth@31fa1761]" started-at="2024-02-28T20:46:34 GMT" name="auth" finished-at="2024-02-28T20:46:39 GMT" duration-ms="4950" status="PASS">
          <reporter-output>
          </reporter-output>
        </test-method> <!-- auth -->
      </class> <!-- OAuth -->
    </test> <!-- Default test -->
  </suite> <!-- Default suite -->
</testng-results>
